<?xml version="1.0" encoding="UTF-8"?>
<testsuite xmlns:xsi="http://www.w3.org/2001/XMLSchema-instance" xsi:noNamespaceSchemaLocation="https://maven.apache.org/surefire/maven-surefire-plugin/xsd/surefire-test-report-3.0.xsd" version="3.0" name="com.udacity.security.AppTest" time="0.045" tests="1" errors="0" skipped="0" failures="0">
  <properties>
    <property name="java.specification.version" value="19"/>
    <property name="sun.cpu.isalist" value="amd64"/>
    <property name="sun.jnu.encoding" value="Cp1252"/>
    <property name="java.class.path" value="C:\Users\morto\IdeaProjects\UdaSecurityParentProject3\src\Security\target\test-classes;C:\Users\morto\.m2\repository\com\google\guava\failureaccess\1.0.1\failureaccess-1.0.1.jar;C:\Users\morto\.m2\repository\com\google\guava\listenablefuture\9999.0-empty-to-avoid-conflict-with-guava\listenablefuture-9999.0-empty-to-avoid-conflict-with-guava.jar;C:\Users\morto\.m2\repository\com\google\code\findbugs\jsr305\3.0.2\jsr305-3.0.2.jar;C:\Users\morto\.m2\repository\org\checkerframework\checker-qual\3.12.0\checker-qual-3.12.0.jar;C:\Users\morto\.m2\repository\com\google\errorprone\error_prone_annotations\2.11.0\error_prone_annotations-2.11.0.jar;C:\Users\morto\.m2\repository\com\google\j2objc\j2objc-annotations\1.3\j2objc-annotations-1.3.jar;C:\Users\morto\.m2\repository\org\mockito\mockito-junit-jupiter\4.11.0\mockito-junit-jupiter-4.11.0.jar;C:\Users\morto\.m2\repository\org\mockito\mockito-core\4.11.0\mockito-core-4.11.0.jar;C:\Users\morto\.m2\repository\net\bytebuddy\byte-buddy\1.12.19\byte-buddy-1.12.19.jar;C:\Users\morto\.m2\repository\net\bytebuddy\byte-buddy-agent\1.12.19\byte-buddy-agent-1.12.19.jar;C:\Users\morto\.m2\repository\org\objenesis\objenesis\3.3\objenesis-3.3.jar;C:\Users\morto\.m2\repository\org\junit\jupiter\junit-jupiter-api\5.9.1\junit-jupiter-api-5.9.1.jar;C:\Users\morto\.m2\repository\org\opentest4j\opentest4j\1.2.0\opentest4j-1.2.0.jar;C:\Users\morto\.m2\repository\org\junit\platform\junit-platform-commons\1.9.1\junit-platform-commons-1.9.1.jar;C:\Users\morto\.m2\repository\org\apiguardian\apiguardian-api\1.1.2\apiguardian-api-1.1.2.jar;C:\Users\morto\.m2\repository\org\slf4j\slf4j-reload4j\2.0.5\slf4j-reload4j-2.0.5.jar;C:\Users\morto\.m2\repository\ch\qos\reload4j\reload4j\1.2.22\reload4j-1.2.22.jar;C:\Users\morto\.m2\repository\software\amazon\awssdk\annotations\2.19.8\annotations-2.19.8.jar;C:\Users\morto\.m2\repository\software\amazon\awssdk\utils\2.19.8\utils-2.19.8.jar;C:\Users\morto\.m2\repository\org\reactivestreams\reactive-streams\1.0.3\reactive-streams-1.0.3.jar;C:\Users\morto\.m2\repository\software\amazon\awssdk\profiles\2.19.8\profiles-2.19.8.jar;C:\Users\morto\.m2\repository\software\amazon\awssdk\http-client-spi\2.19.8\http-client-spi-2.19.8.jar;C:\Users\morto\.m2\repository\software\amazon\awssdk\json-utils\2.19.8\json-utils-2.19.8.jar;C:\Users\morto\.m2\repository\software\amazon\awssdk\third-party-jackson-core\2.19.8\third-party-jackson-core-2.19.8.jar;C:\Users\morto\.m2\repository\software\amazon\eventstream\eventstream\1.0.1\eventstream-1.0.1.jar;C:\Users\morto\.m2\repository\software\amazon\awssdk\aws-json-protocol\2.19.8\aws-json-protocol-2.19.8.jar;C:\Users\morto\.m2\repository\software\amazon\awssdk\protocol-core\2.19.8\protocol-core-2.19.8.jar;C:\Users\morto\.m2\repository\software\amazon\awssdk\aws-core\2.19.8\aws-core-2.19.8.jar;C:\Users\morto\.m2\repository\software\amazon\awssdk\metrics-spi\2.19.8\metrics-spi-2.19.8.jar;C:\Users\morto\.m2\repository\software\amazon\awssdk\endpoints-spi\2.19.8\endpoints-spi-2.19.8.jar;C:\Users\morto\.m2\repository\software\amazon\awssdk\apache-client\2.19.8\apache-client-2.19.8.jar;C:\Users\morto\.m2\repository\org\apache\httpcomponents\httpclient\4.5.13\httpclient-4.5.13.jar;C:\Users\morto\.m2\repository\commons-logging\commons-logging\1.2\commons-logging-1.2.jar;C:\Users\morto\.m2\repository\commons-codec\commons-codec\1.11\commons-codec-1.11.jar;C:\Users\morto\.m2\repository\org\apache\httpcomponents\httpcore\4.4.13\httpcore-4.4.13.jar;C:\Users\morto\.m2\repository\software\amazon\awssdk\netty-nio-client\2.19.8\netty-nio-client-2.19.8.jar;C:\Users\morto\.m2\repository\io\netty\netty-codec-http\4.1.86.Final\netty-codec-http-4.1.86.Final.jar;C:\Users\morto\.m2\repository\io\netty\netty-codec-http2\4.1.86.Final\netty-codec-http2-4.1.86.Final.jar;C:\Users\morto\.m2\repository\io\netty\netty-codec\4.1.86.Final\netty-codec-4.1.86.Final.jar;C:\Users\morto\.m2\repository\io\netty\netty-transport\4.1.86.Final\netty-transport-4.1.86.Final.jar;C:\Users\morto\.m2\repository\io\netty\netty-resolver\4.1.86.Final\netty-resolver-4.1.86.Final.jar;C:\Users\morto\.m2\repository\io\netty\netty-common\4.1.86.Final\netty-common-4.1.86.Final.jar;C:\Users\morto\.m2\repository\io\netty\netty-buffer\4.1.86.Final\netty-buffer-4.1.86.Final.jar;C:\Users\morto\.m2\repository\io\netty\netty-handler\4.1.86.Final\netty-handler-4.1.86.Final.jar;C:\Users\morto\.m2\repository\io\netty\netty-transport-native-unix-common\4.1.86.Final\netty-transport-native-unix-common-4.1.86.Final.jar;C:\Users\morto\.m2\repository\io\netty\netty-transport-classes-epoll\4.1.86.Final\netty-transport-classes-epoll-4.1.86.Final.jar;C:\Users\morto\.m2\repository\org\junit\jupiter\junit-jupiter\5.9.0\junit-jupiter-5.9.0.jar;C:\Users\morto\.m2\repository\org\junit\jupiter\junit-jupiter-params\5.9.0\junit-jupiter-params-5.9.0.jar;C:\Users\morto\.m2\repository\org\junit\jupiter\junit-jupiter-engine\5.9.0\junit-jupiter-engine-5.9.0.jar;C:\Users\morto\.m2\repository\org\junit\platform\junit-platform-engine\1.9.0\junit-platform-engine-1.9.0.jar;"/>
    <property name="java.vm.vendor" value="Oracle Corporation"/>
    <property name="sun.arch.data.model" value="64"/>
    <property name="user.variant" value=""/>
    <property name="java.vendor.url" value="https://java.oracle.com/"/>
    <property name="user.timezone" value="America/Los_Angeles"/>
    <property name="os.name" value="Windows 10"/>
    <property name="java.vm.specification.version" value="19"/>
    <property name="sun.java.launcher" value="SUN_STANDARD"/>
    <property name="user.country" value="US"/>
    <property name="sun.boot.library.path" value="C:\Program Files\Java\jdk-19.0.1\bin"/>
    <property name="sun.java.command" value="org.apache.maven.surefire.booter.ForkedBooter C:\Users\morto\AppData\Local\Temp\surefire14989785542806649599 2023-01-09T15-45-25_511-jvmRun1 surefire12880908797282247787tmp surefire_09926174942183664907tmp"/>
    <property name="jdk.debug" value="release"/>
    <property name="surefire.test.class.path" value="C:\Users\morto\IdeaProjects\UdaSecurityParentProject3\src\Security\target\test-classes;C:\Users\morto\.m2\repository\com\google\guava\failureaccess\1.0.1\failureaccess-1.0.1.jar;C:\Users\morto\.m2\repository\com\google\guava\listenablefuture\9999.0-empty-to-avoid-conflict-with-guava\listenablefuture-9999.0-empty-to-avoid-conflict-with-guava.jar;C:\Users\morto\.m2\repository\com\google\code\findbugs\jsr305\3.0.2\jsr305-3.0.2.jar;C:\Users\morto\.m2\repository\org\checkerframework\checker-qual\3.12.0\checker-qual-3.12.0.jar;C:\Users\morto\.m2\repository\com\google\errorprone\error_prone_annotations\2.11.0\error_prone_annotations-2.11.0.jar;C:\Users\morto\.m2\repository\com\google\j2objc\j2objc-annotations\1.3\j2objc-annotations-1.3.jar;C:\Users\morto\.m2\repository\org\mockito\mockito-junit-jupiter\4.11.0\mockito-junit-jupiter-4.11.0.jar;C:\Users\morto\.m2\repository\org\mockito\mockito-core\4.11.0\mockito-core-4.11.0.jar;C:\Users\morto\.m2\repository\net\bytebuddy\byte-buddy\1.12.19\byte-buddy-1.12.19.jar;C:\Users\morto\.m2\repository\net\bytebuddy\byte-buddy-agent\1.12.19\byte-buddy-agent-1.12.19.jar;C:\Users\morto\.m2\repository\org\objenesis\objenesis\3.3\objenesis-3.3.jar;C:\Users\morto\.m2\repository\org\junit\jupiter\junit-jupiter-api\5.9.1\junit-jupiter-api-5.9.1.jar;C:\Users\morto\.m2\repository\org\opentest4j\opentest4j\1.2.0\opentest4j-1.2.0.jar;C:\Users\morto\.m2\repository\org\junit\platform\junit-platform-commons\1.9.1\junit-platform-commons-1.9.1.jar;C:\Users\morto\.m2\repository\org\apiguardian\apiguardian-api\1.1.2\apiguardian-api-1.1.2.jar;C:\Users\morto\.m2\repository\org\slf4j\slf4j-reload4j\2.0.5\slf4j-reload4j-2.0.5.jar;C:\Users\morto\.m2\repository\ch\qos\reload4j\reload4j\1.2.22\reload4j-1.2.22.jar;C:\Users\morto\.m2\repository\software\amazon\awssdk\annotations\2.19.8\annotations-2.19.8.jar;C:\Users\morto\.m2\repository\software\amazon\awssdk\utils\2.19.8\utils-2.19.8.jar;C:\Users\morto\.m2\repository\org\reactivestreams\reactive-streams\1.0.3\reactive-streams-1.0.3.jar;C:\Users\morto\.m2\repository\software\amazon\awssdk\profiles\2.19.8\profiles-2.19.8.jar;C:\Users\morto\.m2\repository\software\amazon\awssdk\http-client-spi\2.19.8\http-client-spi-2.19.8.jar;C:\Users\morto\.m2\repository\software\amazon\awssdk\json-utils\2.19.8\json-utils-2.19.8.jar;C:\Users\morto\.m2\repository\software\amazon\awssdk\third-party-jackson-core\2.19.8\third-party-jackson-core-2.19.8.jar;C:\Users\morto\.m2\repository\software\amazon\eventstream\eventstream\1.0.1\eventstream-1.0.1.jar;C:\Users\morto\.m2\repository\software\amazon\awssdk\aws-json-protocol\2.19.8\aws-json-protocol-2.19.8.jar;C:\Users\morto\.m2\repository\software\amazon\awssdk\protocol-core\2.19.8\protocol-core-2.19.8.jar;C:\Users\morto\.m2\repository\software\amazon\awssdk\aws-core\2.19.8\aws-core-2.19.8.jar;C:\Users\morto\.m2\repository\software\amazon\awssdk\metrics-spi\2.19.8\metrics-spi-2.19.8.jar;C:\Users\morto\.m2\repository\software\amazon\awssdk\endpoints-spi\2.19.8\endpoints-spi-2.19.8.jar;C:\Users\morto\.m2\repository\software\amazon\awssdk\apache-client\2.19.8\apache-client-2.19.8.jar;C:\Users\morto\.m2\repository\org\apache\httpcomponents\httpclient\4.5.13\httpclient-4.5.13.jar;C:\Users\morto\.m2\repository\commons-logging\commons-logging\1.2\commons-logging-1.2.jar;C:\Users\morto\.m2\repository\commons-codec\commons-codec\1.11\commons-codec-1.11.jar;C:\Users\morto\.m2\repository\org\apache\httpcomponents\httpcore\4.4.13\httpcore-4.4.13.jar;C:\Users\morto\.m2\repository\software\amazon\awssdk\netty-nio-client\2.19.8\netty-nio-client-2.19.8.jar;C:\Users\morto\.m2\repository\io\netty\netty-codec-http\4.1.86.Final\netty-codec-http-4.1.86.Final.jar;C:\Users\morto\.m2\repository\io\netty\netty-codec-http2\4.1.86.Final\netty-codec-http2-4.1.86.Final.jar;C:\Users\morto\.m2\repository\io\netty\netty-codec\4.1.86.Final\netty-codec-4.1.86.Final.jar;C:\Users\morto\.m2\repository\io\netty\netty-transport\4.1.86.Final\netty-transport-4.1.86.Final.jar;C:\Users\morto\.m2\repository\io\netty\netty-resolver\4.1.86.Final\netty-resolver-4.1.86.Final.jar;C:\Users\morto\.m2\repository\io\netty\netty-common\4.1.86.Final\netty-common-4.1.86.Final.jar;C:\Users\morto\.m2\repository\io\netty\netty-buffer\4.1.86.Final\netty-buffer-4.1.86.Final.jar;C:\Users\morto\.m2\repository\io\netty\netty-handler\4.1.86.Final\netty-handler-4.1.86.Final.jar;C:\Users\morto\.m2\repository\io\netty\netty-transport-native-unix-common\4.1.86.Final\netty-transport-native-unix-common-4.1.86.Final.jar;C:\Users\morto\.m2\repository\io\netty\netty-transport-classes-epoll\4.1.86.Final\netty-transport-classes-epoll-4.1.86.Final.jar;C:\Users\morto\.m2\repository\org\junit\jupiter\junit-jupiter\5.9.0\junit-jupiter-5.9.0.jar;C:\Users\morto\.m2\repository\org\junit\jupiter\junit-jupiter-params\5.9.0\junit-jupiter-params-5.9.0.jar;C:\Users\morto\.m2\repository\org\junit\jupiter\junit-jupiter-engine\5.9.0\junit-jupiter-engine-5.9.0.jar;C:\Users\morto\.m2\repository\org\junit\platform\junit-platform-engine\1.9.0\junit-platform-engine-1.9.0.jar;"/>
    <property name="sun.cpu.endian" value="little"/>
    <property name="user.home" value="C:\Users\morto"/>
    <property name="user.language" value="en"/>
    <property name="java.specification.vendor" value="Oracle Corporation"/>
    <property name="jdk.module.path" value="C:\Users\morto\IdeaProjects\UdaSecurityParentProject3\src\Security\target\classes;C:\Users\morto\.m2\repository\com\miglayout\miglayout-swing\11.0\miglayout-swing-11.0.jar;C:\Users\morto\.m2\repository\com\miglayout\miglayout-core\11.0\miglayout-core-11.0.jar;C:\Users\morto\.m2\repository\com\google\guava\guava\31.1-jre\guava-31.1-jre.jar;C:\Users\morto\IdeaProjects\UdaSecurityParentProject3\src\Image\target\Image-1.0-SNAPSHOT.jar;C:\Users\morto\.m2\repository\com\google\code\gson\gson\2.10\gson-2.10.jar;C:\Users\morto\.m2\repository\org\slf4j\slf4j-api\2.0.5\slf4j-api-2.0.5.jar;C:\Users\morto\.m2\repository\software\amazon\awssdk\auth\2.19.8\auth-2.19.8.jar;C:\Users\morto\.m2\repository\software\amazon\awssdk\sdk-core\2.19.8\sdk-core-2.19.8.jar;C:\Users\morto\.m2\repository\software\amazon\awssdk\regions\2.19.8\regions-2.19.8.jar;C:\Users\morto\.m2\repository\software\amazon\awssdk\rekognition\2.19.8\rekognition-2.19.8.jar"/>
    <property name="java.version.date" value="2022-10-18"/>
    <property name="java.home" value="C:\Program Files\Java\jdk-19.0.1"/>
    <property name="file.separator" value="\"/>
    <property name="basedir" value="C:\Users\morto\IdeaProjects\UdaSecurityParentProject3\src\Security"/>
    <property name="java.vm.compressedOopsMode" value="Zero based"/>
    <property name="line.separator" value="&#10;"/>
    <property name="java.vm.specification.vendor" value="Oracle Corporation"/>
    <property name="java.specification.name" value="Java Platform API Specification"/>
    <property name="surefire.real.class.path" value="C:\Users\morto\.m2\repository\org\apache\maven\surefire\surefire-booter\3.0.0-M6\surefire-booter-3.0.0-M6.jar;C:\Users\morto\.m2\repository\org\apache\maven\surefire\surefire-api\3.0.0-M6\surefire-api-3.0.0-M6.jar;C:\Users\morto\.m2\repository\org\apache\maven\surefire\surefire-logger-api\3.0.0-M6\surefire-logger-api-3.0.0-M6.jar;C:\Users\morto\.m2\repository\org\apache\maven\surefire\surefire-shared-utils\3.0.0-M6\surefire-shared-utils-3.0.0-M6.jar;C:\Users\morto\.m2\repository\org\apache\maven\surefire\surefire-extensions-spi\3.0.0-M6\surefire-extensions-spi-3.0.0-M6.jar;C:\Users\morto\IdeaProjects\UdaSecurityParentProject3\src\Security\target\test-classes;C:\Users\morto\.m2\repository\com\google\guava\failureaccess\1.0.1\failureaccess-1.0.1.jar;C:\Users\morto\.m2\repository\com\google\guava\listenablefuture\9999.0-empty-to-avoid-conflict-with-guava\listenablefuture-9999.0-empty-to-avoid-conflict-with-guava.jar;C:\Users\morto\.m2\repository\com\google\code\findbugs\jsr305\3.0.2\jsr305-3.0.2.jar;C:\Users\morto\.m2\repository\org\checkerframework\checker-qual\3.12.0\checker-qual-3.12.0.jar;C:\Users\morto\.m2\repository\com\google\errorprone\error_prone_annotations\2.11.0\error_prone_annotations-2.11.0.jar;C:\Users\morto\.m2\repository\com\google\j2objc\j2objc-annotations\1.3\j2objc-annotations-1.3.jar;C:\Users\morto\.m2\repository\org\mockito\mockito-junit-jupiter\4.11.0\mockito-junit-jupiter-4.11.0.jar;C:\Users\morto\.m2\repository\org\mockito\mockito-core\4.11.0\mockito-core-4.11.0.jar;C:\Users\morto\.m2\repository\net\bytebuddy\byte-buddy\1.12.19\byte-buddy-1.12.19.jar;C:\Users\morto\.m2\repository\net\bytebuddy\byte-buddy-agent\1.12.19\byte-buddy-agent-1.12.19.jar;C:\Users\morto\.m2\repository\org\objenesis\objenesis\3.3\objenesis-3.3.jar;C:\Users\morto\.m2\repository\org\junit\jupiter\junit-jupiter-api\5.9.1\junit-jupiter-api-5.9.1.jar;C:\Users\morto\.m2\repository\org\opentest4j\opentest4j\1.2.0\opentest4j-1.2.0.jar;C:\Users\morto\.m2\repository\org\junit\platform\junit-platform-commons\1.9.1\junit-platform-commons-1.9.1.jar;C:\Users\morto\.m2\repository\org\apiguardian\apiguardian-api\1.1.2\apiguardian-api-1.1.2.jar;C:\Users\morto\.m2\repository\org\slf4j\slf4j-reload4j\2.0.5\slf4j-reload4j-2.0.5.jar;C:\Users\morto\.m2\repository\ch\qos\reload4j\reload4j\1.2.22\reload4j-1.2.22.jar;C:\Users\morto\.m2\repository\software\amazon\awssdk\annotations\2.19.8\annotations-2.19.8.jar;C:\Users\morto\.m2\repository\software\amazon\awssdk\utils\2.19.8\utils-2.19.8.jar;C:\Users\morto\.m2\repository\org\reactivestreams\reactive-streams\1.0.3\reactive-streams-1.0.3.jar;C:\Users\morto\.m2\repository\software\amazon\awssdk\profiles\2.19.8\profiles-2.19.8.jar;C:\Users\morto\.m2\repository\software\amazon\awssdk\http-client-spi\2.19.8\http-client-spi-2.19.8.jar;C:\Users\morto\.m2\repository\software\amazon\awssdk\json-utils\2.19.8\json-utils-2.19.8.jar;C:\Users\morto\.m2\repository\software\amazon\awssdk\third-party-jackson-core\2.19.8\third-party-jackson-core-2.19.8.jar;C:\Users\morto\.m2\repository\software\amazon\eventstream\eventstream\1.0.1\eventstream-1.0.1.jar;C:\Users\morto\.m2\repository\software\amazon\awssdk\aws-json-protocol\2.19.8\aws-json-protocol-2.19.8.jar;C:\Users\morto\.m2\repository\software\amazon\awssdk\protocol-core\2.19.8\protocol-core-2.19.8.jar;C:\Users\morto\.m2\repository\software\amazon\awssdk\aws-core\2.19.8\aws-core-2.19.8.jar;C:\Users\morto\.m2\repository\software\amazon\awssdk\metrics-spi\2.19.8\metrics-spi-2.19.8.jar;C:\Users\morto\.m2\repository\software\amazon\awssdk\endpoints-spi\2.19.8\endpoints-spi-2.19.8.jar;C:\Users\morto\.m2\repository\software\amazon\awssdk\apache-client\2.19.8\apache-client-2.19.8.jar;C:\Users\morto\.m2\repository\org\apache\httpcomponents\httpclient\4.5.13\httpclient-4.5.13.jar;C:\Users\morto\.m2\repository\commons-logging\commons-logging\1.2\commons-logging-1.2.jar;C:\Users\morto\.m2\repository\commons-codec\commons-codec\1.11\commons-codec-1.11.jar;C:\Users\morto\.m2\repository\org\apache\httpcomponents\httpcore\4.4.13\httpcore-4.4.13.jar;C:\Users\morto\.m2\repository\software\amazon\awssdk\netty-nio-client\2.19.8\netty-nio-client-2.19.8.jar;C:\Users\morto\.m2\repository\io\netty\netty-codec-http\4.1.86.Final\netty-codec-http-4.1.86.Final.jar;C:\Users\morto\.m2\repository\io\netty\netty-codec-http2\4.1.86.Final\netty-codec-http2-4.1.86.Final.jar;C:\Users\morto\.m2\repository\io\netty\netty-codec\4.1.86.Final\netty-codec-4.1.86.Final.jar;C:\Users\morto\.m2\repository\io\netty\netty-transport\4.1.86.Final\netty-transport-4.1.86.Final.jar;C:\Users\morto\.m2\repository\io\netty\netty-resolver\4.1.86.Final\netty-resolver-4.1.86.Final.jar;C:\Users\morto\.m2\repository\io\netty\netty-common\4.1.86.Final\netty-common-4.1.86.Final.jar;C:\Users\morto\.m2\repository\io\netty\netty-buffer\4.1.86.Final\netty-buffer-4.1.86.Final.jar;C:\Users\morto\.m2\repository\io\netty\netty-handler\4.1.86.Final\netty-handler-4.1.86.Final.jar;C:\Users\morto\.m2\repository\io\netty\netty-transport-native-unix-common\4.1.86.Final\netty-transport-native-unix-common-4.1.86.Final.jar;C:\Users\morto\.m2\repository\io\netty\netty-transport-classes-epoll\4.1.86.Final\netty-transport-classes-epoll-4.1.86.Final.jar;C:\Users\morto\.m2\repository\org\junit\jupiter\junit-jupiter\5.9.0\junit-jupiter-5.9.0.jar;C:\Users\morto\.m2\repository\org\junit\jupiter\junit-jupiter-params\5.9.0\junit-jupiter-params-5.9.0.jar;C:\Users\morto\.m2\repository\org\junit\jupiter\junit-jupiter-engine\5.9.0\junit-jupiter-engine-5.9.0.jar;C:\Users\morto\.m2\repository\org\junit\platform\junit-platform-engine\1.9.0\junit-platform-engine-1.9.0.jar;C:\Users\morto\.m2\repository\org\apache\maven\surefire\surefire-junit-platform\3.0.0-M6\surefire-junit-platform-3.0.0-M6.jar;C:\Users\morto\.m2\repository\org\apache\maven\surefire\common-java5\3.0.0-M6\common-java5-3.0.0-M6.jar;C:\Users\morto\.m2\repository\org\junit\platform\junit-platform-launcher\1.9.1\junit-platform-launcher-1.9.1.jar"/>
    <property name="user.script" value=""/>
    <property name="sun.management.compiler" value="HotSpot 64-Bit Tiered Compilers"/>
    <property name="java.runtime.version" value="19.0.1+10-21"/>
    <property name="user.name" value="morto"/>
    <property name="stdout.encoding" value="Cp1252"/>
    <property name="path.separator" value=";"/>
    <property name="os.version" value="10.0"/>
    <property name="java.runtime.name" value="OpenJDK Runtime Environment"/>
    <property name="file.encoding" value="UTF-8"/>
    <property name="java.vm.name" value="OpenJDK 64-Bit Server VM"/>
    <property name="localRepository" value="C:\Users\morto\.m2\repository"/>
    <property name="java.vendor.url.bug" value="https://bugreport.java.com/bugreport/"/>
    <property name="java.io.tmpdir" value="C:\Users\morto\AppData\Local\Temp\"/>
    <property name="idea.version" value="2022.3.1"/>
    <property name="java.version" value="19.0.1"/>
    <property name="user.dir" value="C:\Users\morto\IdeaProjects\UdaSecurityParentProject3\src\Security"/>
    <property name="os.arch" value="amd64"/>
    <property name="java.vm.specification.name" value="Java Virtual Machine Specification"/>
    <property name="sun.os.patch.level" value=""/>
    <property name="native.encoding" value="Cp1252"/>
    <property name="java.library.path" value="C:\Program Files\Java\jdk-19.0.1\bin;C:\WINDOWS\Sun\Java\bin;C:\WINDOWS\system32;C:\WINDOWS;C:\Program Files\Google\Chrome\Application;C:\Program Files\Java\jdk-19.0.1\bin;C:\Program Files\Common Files\Oracle\Java\javapath;C:\Program Files\Python38\Scripts\;C:\Program Files\Python38\;C:\WINDOWS\system32;C:\WINDOWS;C:\WINDOWS\System32\Wbem;C:\WINDOWS\System32\WindowsPowerShell\v1.0\;C:\WINDOWS\System32\OpenSSH\;C:\Program Files (x86)\NVIDIA Corporation\PhysX\Common;C:\WINDOWS\system32;C:\WINDOWS;C:\WINDOWS\System32\Wbem;C:\WINDOWS\System32\WindowsPowerShell\v1.0\;C:\WINDOWS\System32\OpenSSH\;C:\Program Files\Git\cmd;C:\Program Files\Java\jdk-19.0.1\bin;C:\Program Files\apache-maven-3.8.7\apache-maven\src\bin;C:\Users\morto\AppData\Local\Microsoft\WindowsApps;C:\Users\morto\AppData\Local\GitHubDesktop\bin;."/>
    <property name="java.vm.info" value="mixed mode"/>
    <property name="stderr.encoding" value="Cp1252"/>
    <property name="java.vendor" value="Oracle Corporation"/>
    <property name="java.vm.version" value="19.0.1+10-21"/>
    <property name="sun.io.unicode.encoding" value="UnicodeLittle"/>
    <property name="java.class.version" value="63.0"/>
  </properties>
  <testcase name="shouldAnswerWithTrue" classname="com.udacity.security.AppTest" time="0.027"/>
</testsuite>